[2019-11-05 17:24:14] Текст ошибки: Страница не найдена | Файл: I:\OSPanel\domains\Online-store-Luxury-Watches\vendor\Ishop\core\Router.php | Строка: 29 
-------------
[2019-11-05 17:52:31] Текст ошибки: Страница не найдена | Файл: I:\OSPanel\domains\Online-store-Luxury-Watches\vendor\Ishop\core\Router.php | Строка: 29 
-------------
[2019-11-05 17:52:48] Текст ошибки: Страница не найдена | Файл: I:\OSPanel\domains\Online-store-Luxury-Watches\vendor\Ishop\core\Router.php | Строка: 29 
-------------
[2019-11-05 17:53:09] Текст ошибки: Страница не найдена | Файл: I:\OSPanel\domains\Online-store-Luxury-Watches\vendor\Ishop\core\Router.php | Строка: 29 
-------------
[2019-11-05 17:55:03] Текст ошибки: Страница не найдена | Файл: I:\OSPanel\domains\Online-store-Luxury-Watches\vendor\Ishop\core\Router.php | Строка: 29 
-------------
[2019-11-05 18:02:13] Текст ошибки: Страница не найдена | Файл: I:\OSPanel\domains\Online-store-Luxury-Watches\vendor\Ishop\core\Router.php | Строка: 29 
-------------
[2019-11-05 18:02:34] Текст ошибки: Страница не найдена | Файл: I:\OSPanel\domains\Online-store-Luxury-Watches\vendor\Ishop\core\Router.php | Строка: 29 
-------------
[2019-11-05 18:03:14] Текст ошибки: Страница не найдена | Файл: I:\OSPanel\domains\Online-store-Luxury-Watches\vendor\Ishop\core\Router.php | Строка: 29 
-------------
[2019-11-05 18:30:40] Текст ошибки: Undefined class constant 'upperCamelCase' | Файл: I:\OSPanel\domains\Online-store-Luxury-Watches\vendor\Ishop\core\Router.php | Строка: 49 
-------------
[2019-11-05 18:31:24] Текст ошибки: Undefined class constant 'upperCamelCase' | Файл: I:\OSPanel\domains\Online-store-Luxury-Watches\vendor\Ishop\core\Router.php | Строка: 49 
-------------
[2019-11-05 18:34:07] Текст ошибки: Undefined class constant 'upperCamelCase' | Файл: I:\OSPanel\domains\Online-store-Luxury-Watches\vendor\Ishop\core\Router.php | Строка: 49 
-------------
[2019-11-05 18:37:41] Текст ошибки: Undefined class constant 'upperCamelCase' | Файл: I:\OSPanel\domains\Online-store-Luxury-Watches\vendor\Ishop\core\Router.php | Строка: 49 
-------------
[2019-11-05 18:47:03] Текст ошибки: Контроллер app\controllers\PageNewController не найден | Файл: I:\OSPanel\domains\Online-store-Luxury-Watches\vendor\Ishop\core\Router.php | Строка: 37 
-------------
[2019-11-05 18:49:25] Текст ошибки: Контроллер app\controllers\PageNewController не найден | Файл: I:\OSPanel\domains\Online-store-Luxury-Watches\vendor\Ishop\core\Router.php | Строка: 37 
-------------
[2019-11-05 18:52:56] Текст ошибки: Контроллер app\controllers\MaincontrollersController не найден | Файл: I:\OSPanel\domains\Online-store-Luxury-Watches\vendor\Ishop\core\Router.php | Строка: 37 
-------------
[2019-11-05 18:53:05] Текст ошибки: Контроллер app\controllers\MainController не найден | Файл: I:\OSPanel\domains\Online-store-Luxury-Watches\vendor\Ishop\core\Router.php | Строка: 37 
-------------
[2019-11-05 18:54:41] Текст ошибки: Контроллер app\controllers\MainController не найден | Файл: I:\OSPanel\domains\Online-store-Luxury-Watches\vendor\Ishop\core\Router.php | Строка: 37 
-------------
[2019-11-05 18:54:58] Текст ошибки: Контроллер app\controllers\MainController не найден | Файл: I:\OSPanel\domains\Online-store-Luxury-Watches\vendor\Ishop\core\Router.php | Строка: 37 
-------------
[2019-11-05 18:55:06] Текст ошибки: Контроллер app\controllers\MainController не найден | Файл: I:\OSPanel\domains\Online-store-Luxury-Watches\vendor\Ishop\core\Router.php | Строка: 37 
-------------
[2019-11-05 18:55:12] Текст ошибки: Контроллер app\controllers\MainController не найден | Файл: I:\OSPanel\domains\Online-store-Luxury-Watches\vendor\Ishop\core\Router.php | Строка: 37 
-------------
[2019-11-05 18:55:29] Текст ошибки: Контроллер app\controllers\MainController не найден | Файл: I:\OSPanel\domains\Online-store-Luxury-Watches\vendor\Ishop\core\Router.php | Строка: 37 
-------------
[2019-11-05 18:55:57] Текст ошибки: Контроллер app\controllers\MainController не найден | Файл: I:\OSPanel\domains\Online-store-Luxury-Watches\vendor\Ishop\core\Router.php | Строка: 37 
-------------
[2019-11-05 18:57:31] Текст ошибки: Контроллер app\controllers\MainController не найден | Файл: I:\OSPanel\domains\Online-store-Luxury-Watches\vendor\Ishop\core\Router.php | Строка: 37 
-------------
[2019-11-05 18:57:44] Текст ошибки: Контроллер app\controllers\MainController не найден | Файл: I:\OSPanel\domains\Online-store-Luxury-Watches\vendor\Ishop\core\Router.php | Строка: 37 
-------------
[2019-11-05 18:57:45] Текст ошибки: Контроллер app\controllers\MainController не найден | Файл: I:\OSPanel\domains\Online-store-Luxury-Watches\vendor\Ishop\core\Router.php | Строка: 37 
-------------
[2019-11-05 18:57:48] Текст ошибки: Контроллер app\controllers\MainController не найден | Файл: I:\OSPanel\domains\Online-store-Luxury-Watches\vendor\Ishop\core\Router.php | Строка: 37 
-------------
[2019-11-05 18:57:49] Текст ошибки: Страница не найдена | Файл: I:\OSPanel\domains\Online-store-Luxury-Watches\vendor\Ishop\core\Router.php | Строка: 40 
-------------
[2019-11-05 18:58:14] Текст ошибки: Контроллер app\controllers\MainController не найден | Файл: I:\OSPanel\domains\Online-store-Luxury-Watches\vendor\Ishop\core\Router.php | Строка: 37 
-------------
[2019-11-05 18:59:07] Текст ошибки: Контроллер app\controllers\MainController не найден | Файл: I:\OSPanel\domains\Online-store-Luxury-Watches\vendor\Ishop\core\Router.php | Строка: 37 
-------------
[2019-11-05 18:59:48] Текст ошибки: Контроллер app\controllers\MainController не найден | Файл: I:\OSPanel\domains\Online-store-Luxury-Watches\vendor\Ishop\core\Router.php | Строка: 37 
-------------
[2019-11-05 19:01:00] Текст ошибки: Контроллер app\controllers\MainController не найден | Файл: I:\OSPanel\domains\Online-store-Luxury-Watches\vendor\Ishop\core\Router.php | Строка: 37 
-------------
